<?xml version="1.0" encoding="UTF-8"?>
<robot generator="Robot 4.0.1 (Python 3.9.4 on win32)" generated="20210629 20:46:29.614" rpa="false" schemaversion="2">
<suite id="s1" name="Dictionary" source="C:\Projetos\PrimeExperts_junho_2021\variables\dictionary.robot">
<test id="s1-t1" name="Informando meus dados pessoais">
<kw name="Meu dados são:">
<kw name="Log" library="BuiltIn">
<arg>${PESSOA}</arg>
<doc>Logs the given message with the given level.</doc>
<msg timestamp="20210629 20:46:29.637" level="INFO">nome=Eliete sobrenome=Miranda idade=34 anos cidade=Fabriciano</msg>
<status status="PASS" starttime="20210629 20:46:29.637" endtime="20210629 20:46:29.637"/>
</kw>
<status status="PASS" starttime="20210629 20:46:29.637" endtime="20210629 20:46:29.637"/>
</kw>
<status status="PASS" starttime="20210629 20:46:29.636" endtime="20210629 20:46:29.638"/>
</test>
<test id="s1-t2" name="Informar meu filme preferido">
<kw name="Meu filme preferido é:">
<kw name="Log" library="BuiltIn">
<arg>${FILME}</arg>
<doc>Logs the given message with the given level.</doc>
<msg timestamp="20210629 20:46:29.639" level="INFO">Titanic</msg>
<status status="PASS" starttime="20210629 20:46:29.639" endtime="20210629 20:46:29.639"/>
</kw>
<status status="PASS" starttime="20210629 20:46:29.639" endtime="20210629 20:46:29.640"/>
</kw>
<status status="PASS" starttime="20210629 20:46:29.639" endtime="20210629 20:46:29.640"/>
</test>
<test id="s1-t3" name="Informar meu nome completo">
<kw name="Meu NOME:">
<kw name="Log" library="BuiltIn">
<arg>${NOME}</arg>
<doc>Logs the given message with the given level.</doc>
<msg timestamp="20210629 20:46:29.641" level="INFO"/>
<status status="PASS" starttime="20210629 20:46:29.641" endtime="20210629 20:46:29.641"/>
</kw>
<status status="PASS" starttime="20210629 20:46:29.641" endtime="20210629 20:46:29.642"/>
</kw>
<status status="PASS" starttime="20210629 20:46:29.641" endtime="20210629 20:46:29.642"/>
</test>
<test id="s1-t4" name="Informar minha idade">
<kw name="Minha IDADE:">
<kw name="Log" library="BuiltIn">
<arg>${IDADE}</arg>
<doc>Logs the given message with the given level.</doc>
<msg timestamp="20210629 20:46:29.644" level="INFO">34 anos</msg>
<status status="PASS" starttime="20210629 20:46:29.643" endtime="20210629 20:46:29.644"/>
</kw>
<status status="PASS" starttime="20210629 20:46:29.643" endtime="20210629 20:46:29.644"/>
</kw>
<status status="PASS" starttime="20210629 20:46:29.643" endtime="20210629 20:46:29.644"/>
</test>
<test id="s1-t5" name="Informar minha cidade">
<kw name="Minha CIDADE:">
<kw name="Log" library="BuiltIn">
<arg>${CIDADE}</arg>
<doc>Logs the given message with the given level.</doc>
<msg timestamp="20210629 20:46:29.645" level="INFO">Coronel Fabriciano</msg>
<status status="PASS" starttime="20210629 20:46:29.645" endtime="20210629 20:46:29.646"/>
</kw>
<status status="PASS" starttime="20210629 20:46:29.645" endtime="20210629 20:46:29.646"/>
</kw>
<status status="PASS" starttime="20210629 20:46:29.645" endtime="20210629 20:46:29.646"/>
</test>
<test id="s1-t6" name="Informar meu estado">
<kw name="Minha ESTADO:">
<kw name="Log" library="BuiltIn">
<arg>${ESTADO}</arg>
<doc>Logs the given message with the given level.</doc>
<msg timestamp="20210629 20:46:29.648" level="INFO">Minas Gerais</msg>
<status status="PASS" starttime="20210629 20:46:29.648" endtime="20210629 20:46:29.648"/>
</kw>
<status status="PASS" starttime="20210629 20:46:29.648" endtime="20210629 20:46:29.648"/>
</kw>
<status status="PASS" starttime="20210629 20:46:29.647" endtime="20210629 20:46:29.649"/>
</test>
<test id="s1-t7" name="Informar minha profissao">
<kw name="Minha PROFISSAO:">
<kw name="Log" library="BuiltIn">
<arg>${PROFISSAO}</arg>
<doc>Logs the given message with the given level.</doc>
<msg timestamp="20210629 20:46:29.651" level="INFO">Analista de Testes</msg>
<status status="PASS" starttime="20210629 20:46:29.650" endtime="20210629 20:46:29.651"/>
</kw>
<status status="PASS" starttime="20210629 20:46:29.650" endtime="20210629 20:46:29.651"/>
</kw>
<status status="PASS" starttime="20210629 20:46:29.649" endtime="20210629 20:46:29.651"/>
</test>
<test id="s1-t8" name="Informar meu HOBBY">
<kw name="Meu HOBBY:">
<kw name="Log" library="BuiltIn">
<arg>${HOBBY}</arg>
<doc>Logs the given message with the given level.</doc>
<msg timestamp="20210629 20:46:29.653" level="INFO">Assistir séries</msg>
<status status="PASS" starttime="20210629 20:46:29.653" endtime="20210629 20:46:29.653"/>
</kw>
<status status="PASS" starttime="20210629 20:46:29.653" endtime="20210629 20:46:29.653"/>
</kw>
<status status="PASS" starttime="20210629 20:46:29.652" endtime="20210629 20:46:29.654"/>
</test>
<doc>Tipo de Dicionário</doc>
<status status="PASS" starttime="20210629 20:46:29.615" endtime="20210629 20:46:29.655"/>
</suite>
<statistics>
<total>
<stat pass="8" fail="0" skip="0">All Tests</stat>
</total>
<tag>
</tag>
<suite>
<stat pass="8" fail="0" skip="0" id="s1" name="Dictionary">Dictionary</stat>
</suite>
</statistics>
<errors>
<msg timestamp="20210629 20:46:29.609" level="ERROR">Error in file 'C:\Projetos\PrimeExperts_junho_2021\variables\dictionary.robot' on line 68: Unrecognized section header '*/'. Valid sections: 'Settings', 'Variables', 'Test Cases', 'Tasks', 'Keywords' and 'Comments'.</msg>
</errors>
</robot>
